cp: directory public does not exist
cp: bower_components/bootstrap/dist: No such file or directory
cp: directory public does not exist
cp: bower_components/bootstrap/dist: No such file or directory
cp: cp: bower_components/bootstrap/dist: No such file or directory
directory public does not exist
cp: cp: directory public does not exist
bower_components/bootstrap/dist: No such file or directory
cp: cp: bower_components/bootstrap/dist: No such file or directory
directory public does not exist
cp: bower_components/bootstrap/dist: No such file or directory
cp: directory public does not exist
cp: directory public does not exist
cp: bower_components/bootstrap/dist: No such file or directory
cp: cp: bower_components/bootstrap/dist: No such file or directory
directory public does not exist
cp: cp: directory public does not existbower_components/bootstrap/dist: No such file or directory

cp: directory public does not exist
cp: bower_components/bootstrap/dist: No such file or directory
cp: cp: bower_components/bootstrap/dist: No such file or directorydirectory public does not exist

cp: cp: bower_components/bootstrap/dist: No such file or directory
directory public does not exist
cp: bower_components/bootstrap/dist: No such file or directory
cp: directory public does not exist
cp: directory public does not exist
cp: bower_components/bootstrap/dist: No such file or directory
cp: directory public does not exist
cp: bower_components/bootstrap/dist: No such file or directory
cp: directory public does not exist
cp: bower_components/bootstrap/dist: No such file or directory
cp: cp: directory public does not exist
bower_components/bootstrap/dist: No such file or directory
cp: cp: bower_components/bootstrap/dist: No such file or directory
directory public does not exist
cp: bower_components/bootstrap/dist: No such file or directory
cp: directory public does not exist
cp: bower_components/bootstrap/dist: No such file or directorycp: 
directory public does not exist
